<?xml version="1.0" encoding="UTF-8"?>
<!-- Generated by org.testng.reporters.JUnitReportReporter -->
<testsuite hostname="VaishaliUshir" failures="0" tests="3" name="com.test.test1" time="2.547" errors="1" timestamp="2022-10-09T12:46:47 IST" skipped="2">
  <testcase classname="com.test.test1" name="Baseclass1" time="2.547">
    <error type="java.lang.StackOverflowError">
      <![CDATA[java.lang.StackOverflowError
at java.base/java.io.File.<init>(File.java:280)
at java.base/java.io.FileInputStream.<init>(FileInputStream.java:111)
at com.utility.configDataProvider.<init>(configDataProvider.java:11)
at com.utility.configDataProvider.<init>(configDataProvider.java:12)
at com.utility.configDataProvider.<init>(configDataProvider.java:12)
at com.utility.configDataProvider.<init>(configDataProvider.java:12)
at com.utility.configDataProvider.<init>(configDataProvider.java:12)
at com.utility.configDataProvider.<init>(configDataProvider.java:12)
at com.utility.configDataProvider.<init>(configDataProvider.java:12)
at com.utility.configDataProvider.<init>(configDataProvider.java:12)
at com.utility.configDataProvider.<init>(configDataProvider.java:12)
at com.utility.configDataProvider.<init>(configDataProvider.java:12)
at com.utility.configDataProvider.<init>(configDataProvider.java:12)
at com.utility.configDataProvider.<init>(configDataProvider.java:12)
at com.utility.configDataProvider.<init>(configDataProvider.java:12)
at com.utility.configDataProvider.<init>(configDataProvider.java:12)
at com.utility.configDataProvider.<init>(configDataProvider.java:12)
at com.utility.configDataProvider.<init>(configDataProvider.java:12)
at com.utility.configDataProvider.<init>(configDataProvider.java:12)
at com.utility.configDataProvider.<init>(configDataProvider.java:12)
at com.utility.configDataProvider.<init>(configDataProvider.java:12)
at com.utility.configDataProvider.<init>(configDataProvider.java:12)
at com.utility.configDataProvider.<init>(configDataProvider.java:12)
at com.utility.configDataProvider.<init>(configDataProvider.java:12)
at com.utility.configDataProvider.<init>(configDataProvider.java:12)
at com.utility.configDataProvider.<init>(configDataProvider.java:12)
at com.utility.configDataProvider.<init>(configDataProvider.java:12)
at com.utility.configDataProvider.<init>(configDataProvider.java:12)
at com.utility.configDataProvider.<init>(configDataProvider.java:12)
at com.utility.configDataProvider.<init>(configDataProvider.java:12)
at com.utility.configDataProvider.<init>(configDataProvider.java:12)
at com.utility.configDataProvider.<init>(configDataProvider.java:12)
at com.utility.configDataProvider.<init>(configDataProvider.java:12)
at com.utility.configDataProvider.<init>(configDataProvider.java:12)
at com.utility.configDataProvider.<init>(configDataProvider.java:12)
at com.utility.configDataProvider.<init>(configDataProvider.java:12)
at com.utility.configDataProvider.<init>(configDataProvider.java:12)
at com.utility.configDataProvider.<init>(configDataProvider.java:12)
at com.utility.configDataProvider.<init>(configDataProvider.java:12)
at com.utility.configDataProvider.<init>(configDataProvider.java:12)
at com.utility.configDataProvider.<init>(configDataProvider.java:12)
at com.utility.configDataProvider.<init>(configDataProvider.java:12)
at com.utility.configDataProvider.<init>(configDataProvider.java:12)
at com.utility.configDataProvider.<init>(configDataProvider.java:12)
at com.utility.configDataProvider.<init>(configDataProvider.java:12)
at com.utility.configDataProvider.<init>(configDataProvider.java:12)
at com.utility.configDataProvider.<init>(configDataProvider.java:12)
at com.utility.configDataProvider.<init>(configDataProvider.java:12)
at com.utility.configDataProvider.<init>(configDataProvider.java:12)
at com.utility.configDataProvider.<init>(configDataProvider.java:12)
at com.utility.configDataProvider.<init>(configDataProvider.java:12)
at com.utility.configDataProvider.<init>(configDataProvider.java:12)
at com.utility.configDataProvider.<init>(configDataProvider.java:12)
at com.utility.configDataProvider.<init>(configDataProvider.java:12)
at com.utility.configDataProvider.<init>(configDataProvider.java:12)
at com.utility.configDataProvider.<init>(configDataProvider.java:12)
at com.utility.configDataProvider.<init>(configDataProvider.java:12)
at com.utility.configDataProvider.<init>(configDataProvider.java:12)
at com.utility.configDataProvider.<init>(configDataProvider.java:12)
at com.utility.configDataProvider.<init>(configDataProvider.java:12)
at com.utility.configDataProvider.<init>(configDataProvider.java:12)
at com.utility.configDataProvider.<init>(configDataProvider.java:12)
at com.utility.configDataProvider.<init>(configDataProvider.java:12)
at com.utility.configDataProvider.<init>(configDataProvider.java:12)
at com.utility.configDataProvider.<init>(configDataProvider.java:12)
at com.utility.configDataProvider.<init>(configDataProvider.java:12)
at com.utility.configDataProvider.<init>(configDataProvider.java:12)
at com.utility.configDataProvider.<init>(configDataProvider.java:12)
at com.utility.configDataProvider.<init>(configDataProvider.java:12)
at com.utility.configDataProvider.<init>(configDataProvider.java:12)
at com.utility.configDataProvider.<init>(configDataProvider.java:12)
at com.utility.configDataProvider.<init>(configDataProvider.java:12)
at com.utility.configDataProvider.<init>(configDataProvider.java:12)
at com.utility.configDataProvider.<init>(configDataProvider.java:12)
at com.utility.configDataProvider.<init>(configDataProvider.java:12)
at com.utility.configDataProvider.<init>(configDataProvider.java:12)
at com.utility.configDataProvider.<init>(configDataProvider.java:12)
at com.utility.configDataProvider.<init>(configDataProvider.java:12)
at com.utility.configDataProvider.<init>(configDataProvider.java:12)
at com.utility.configDataProvider.<init>(configDataProvider.java:12)
at com.utility.configDataProvider.<init>(configDataProvider.java:12)
at com.utility.configDataProvider.<init>(configDataProvider.java:12)
at com.utility.configDataProvider.<init>(configDataProvider.java:12)
at com.utility.configDataProvider.<init>(configDataProvider.java:12)
at com.utility.configDataProvider.<init>(configDataProvider.java:12)
at com.utility.configDataProvider.<init>(configDataProvider.java:12)
at com.utility.configDataProvider.<init>(configDataProvider.java:12)
at com.utility.configDataProvider.<init>(configDataProvider.java:12)
at com.utility.configDataProvider.<init>(configDataProvider.java:12)
at com.utility.configDataProvider.<init>(configDataProvider.java:12)
at com.utility.configDataProvider.<init>(configDataProvider.java:12)
at com.utility.configDataProvider.<init>(configDataProvider.java:12)
at com.utility.configDataProvider.<init>(configDataProvider.java:12)
at com.utility.configDataProvider.<init>(configDataProvider.java:12)
at com.utility.configDataProvider.<init>(configDataProvider.java:12)
at com.utility.configDataProvider.<init>(configDataProvider.java:12)
at com.utility.configDataProvider.<init>(configDataProvider.java:12)
at com.utility.configDataProvider.<init>(configDataProvider.java:12)
at com.utility.configDataProvider.<init>(configDataProvider.java:12)
at com.utility.configDataProvider.<init>(configDataProvider.java:12)
at com.utility.configDataProvider.<init>(configDataProvider.java:12)
at com.utility.configDataProvider.<init>(configDataProvider.java:12)
at com.utility.configDataProvider.<init>(configDataProvider.java:12)
at com.utility.configDataProvider.<init>(configDataProvider.java:12)
at com.utility.configDataProvider.<init>(configDataProvider.java:12)
at com.utility.configDataProvider.<init>(configDataProvider.java:12)
at com.utility.configDataProvider.<init>(configDataProvider.java:12)
at com.utility.configDataProvider.<init>(configDataProvider.java:12)
at com.utility.configDataProvider.<init>(configDataProvider.java:12)
at com.utility.configDataProvider.<init>(configDataProvider.java:12)
at com.utility.configDataProvider.<init>(configDataProvider.java:12)
at com.utility.configDataProvider.<init>(configDataProvider.java:12)
at com.utility.configDataProvider.<init>(configDataProvider.java:12)
at com.utility.configDataProvider.<init>(configDataProvider.java:12)
at com.utility.configDataProvider.<init>(configDataProvider.java:12)
at com.utility.configDataProvider.<init>(configDataProvider.java:12)
at com.utility.configDataProvider.<init>(configDataProvider.java:12)
at com.utility.configDataProvider.<init>(configDataProvider.java:12)
at com.utility.configDataProvider.<init>(configDataProvider.java:12)
at com.utility.configDataProvider.<init>(configDataProvider.java:12)
at com.utility.configDataProvider.<init>(configDataProvider.java:12)
at com.utility.configDataProvider.<init>(configDataProvider.java:12)
at com.utility.configDataProvider.<init>(configDataProvider.java:12)
at com.utility.configDataProvider.<init>(configDataProvider.java:12)
at com.utility.configDataProvider.<init>(configDataProvider.java:12)
at com.utility.configDataProvider.<init>(configDataProvider.java:12)
at com.utility.configDataProvider.<init>(configDataProvider.java:12)
at com.utility.configDataProvider.<init>(configDataProvider.java:12)
at com.utility.configDataProvider.<init>(configDataProvider.java:12)
at com.utility.configDataProvider.<init>(configDataProvider.java:12)
at com.utility.configDataProvider.<init>(configDataProvider.java:12)
at com.utility.configDataProvider.<init>(configDataProvider.java:12)
at com.utility.configDataProvider.<init>(configDataProvider.java:12)
at com.utility.configDataProvider.<init>(configDataProvider.java:12)
at com.utility.configDataProvider.<init>(configDataProvider.java:12)
at com.utility.configDataProvider.<init>(configDataProvider.java:12)
at com.utility.configDataProvider.<init>(configDataProvider.java:12)
at com.utility.configDataProvider.<init>(configDataProvider.java:12)
at com.utility.configDataProvider.<init>(configDataProvider.java:12)
at com.utility.configDataProvider.<init>(configDataProvider.java:12)
at com.utility.configDataProvider.<init>(configDataProvider.java:12)
at com.utility.configDataProvider.<init>(configDataProvider.java:12)
at com.utility.configDataProvider.<init>(configDataProvider.java:12)
at com.utility.configDataProvider.<init>(configDataProvider.java:12)
at com.utility.configDataProvider.<init>(configDataProvider.java:12)
at com.utility.configDataProvider.<init>(configDataProvider.java:12)
at com.utility.configDataProvider.<init>(configDataProvider.java:12)
at com.utility.configDataProvider.<init>(configDataProvider.java:12)
at com.utility.configDataProvider.<init>(configDataProvider.java:12)
at com.utility.configDataProvider.<init>(configDataProvider.java:12)
at com.utility.configDataProvider.<init>(configDataProvider.java:12)
at com.utility.configDataProvider.<init>(configDataProvider.java:12)
at com.utility.configDataProvider.<init>(configDataProvider.java:12)
at com.utility.configDataProvider.<init>(configDataProvider.java:12)
at com.utility.configDataProvider.<init>(configDataProvider.java:12)
at com.utility.configDataProvider.<init>(configDataProvider.java:12)
at com.utility.configDataProvider.<init>(configDataProvider.java:12)
at com.utility.configDataProvider.<init>(configDataProvider.java:12)
at com.utility.configDataProvider.<init>(configDataProvider.java:12)
at com.utility.configDataProvider.<init>(configDataProvider.java:12)
at com.utility.configDataProvider.<init>(configDataProvider.java:12)
at com.utility.configDataProvider.<init>(configDataProvider.java:12)
at com.utility.configDataProvider.<init>(configDataProvider.java:12)
at com.utility.configDataProvider.<init>(configDataProvider.java:12)
at com.utility.configDataProvider.<init>(configDataProvider.java:12)
at com.utility.configDataProvider.<init>(configDataProvider.java:12)
at com.utility.configDataProvider.<init>(configDataProvider.java:12)
at com.utility.configDataProvider.<init>(configDataProvider.java:12)
at com.utility.configDataProvider.<init>(configDataProvider.java:12)
at com.utility.configDataProvider.<init>(configDataProvider.java:12)
at com.utility.configDataProvider.<init>(configDataProvider.java:12)
at com.utility.configDataProvider.<init>(configDataProvider.java:12)
at com.utility.configDataProvider.<init>(configDataProvider.java:12)
at com.utility.configDataProvider.<init>(configDataProvider.java:12)
at com.utility.configDataProvider.<init>(configDataProvider.java:12)
at com.utility.configDataProvider.<init>(configDataProvider.java:12)
at com.utility.configDataProvider.<init>(configDataProvider.java:12)
at com.utility.configDataProvider.<init>(configDataProvider.java:12)
at com.utility.configDataProvider.<init>(configDataProvider.java:12)
at com.utility.configDataProvider.<init>(configDataProvider.java:12)
at com.utility.configDataProvider.<init>(configDataProvider.java:12)
at com.utility.configDataProvider.<init>(configDataProvider.java:12)
at com.utility.configDataProvider.<init>(configDataProvider.java:12)
at com.utility.configDataProvider.<init>(configDataProvider.java:12)
at com.utility.configDataProvider.<init>(configDataProvider.java:12)
at com.utility.configDataProvider.<init>(configDataProvider.java:12)
at com.utility.configDataProvider.<init>(configDataProvider.java:12)
at com.utility.configDataProvider.<init>(configDataProvider.java:12)
at com.utility.configDataProvider.<init>(configDataProvider.java:12)
at com.utility.configDataProvider.<init>(configDataProvider.java:12)
at com.utility.configDataProvider.<init>(configDataProvider.java:12)
at com.utility.configDataProvider.<init>(configDataProvider.java:12)
at com.utility.configDataProvider.<init>(configDataProvider.java:12)
at com.utility.configDataProvider.<init>(configDataProvider.java:12)
at com.utility.configDataProvider.<init>(configDataProvider.java:12)
at com.utility.configDataProvider.<init>(configDataProvider.java:12)
at com.utility.configDataProvider.<init>(configDataProvider.java:12)
at com.utility.configDataProvider.<init>(configDataProvider.java:12)
at com.utility.configDataProvider.<init>(configDataProvider.java:12)
at com.utility.configDataProvider.<init>(configDataProvider.java:12)
at com.utility.configDataProvider.<init>(configDataProvider.java:12)
at com.utility.configDataProvider.<init>(configDataProvider.java:12)
at com.utility.configDataProvider.<init>(configDataProvider.java:12)
at com.utility.configDataProvider.<init>(configDataProvider.java:12)
at com.utility.configDataProvider.<init>(configDataProvider.java:12)
at com.utility.configDataProvider.<init>(configDataProvider.java:12)
at com.utility.configDataProvider.<init>(configDataProvider.java:12)
at com.utility.configDataProvider.<init>(configDataProvider.java:12)
at com.utility.configDataProvider.<init>(configDataProvider.java:12)
at com.utility.configDataProvider.<init>(configDataProvider.java:12)
at com.utility.configDataProvider.<init>(configDataProvider.java:12)
at com.utility.configDataProvider.<init>(configDataProvider.java:12)
at com.utility.configDataProvider.<init>(configDataProvider.java:12)
at com.utility.configDataProvider.<init>(configDataProvider.java:12)
at com.utility.configDataProvider.<init>(configDataProvider.java:12)
at com.utility.configDataProvider.<init>(configDataProvider.java:12)
at com.utility.configDataProvider.<init>(configDataProvider.java:12)
at com.utility.configDataProvider.<init>(configDataProvider.java:12)
at com.utility.configDataProvider.<init>(configDataProvider.java:12)
at com.utility.configDataProvider.<init>(configDataProvider.java:12)
at com.utility.configDataProvider.<init>(configDataProvider.java:12)
at com.utility.configDataProvider.<init>(configDataProvider.java:12)
at com.utility.configDataProvider.<init>(configDataProvider.java:12)
at com.utility.configDataProvider.<init>(configDataProvider.java:12)
at com.utility.configDataProvider.<init>(configDataProvider.java:12)
at com.utility.configDataProvider.<init>(configDataProvider.java:12)
at com.utility.configDataProvider.<init>(configDataProvider.java:12)
at com.utility.configDataProvider.<init>(configDataProvider.java:12)
at com.utility.configDataProvider.<init>(configDataProvider.java:12)
at com.utility.configDataProvider.<init>(configDataProvider.java:12)
at com.utility.configDataProvider.<init>(configDataProvider.java:12)
at com.utility.configDataProvider.<init>(configDataProvider.java:12)
at com.utility.configDataProvider.<init>(configDataProvider.java:12)
at com.utility.configDataProvider.<init>(configDataProvider.java:12)
at com.utility.configDataProvider.<init>(configDataProvider.java:12)
at com.utility.configDataProvider.<init>(configDataProvider.java:12)
at com.utility.configDataProvider.<init>(configDataProvider.java:12)
at com.utility.configDataProvider.<init>(configDataProvider.java:12)
at com.utility.configDataProvider.<init>(configDataProvider.java:12)
at com.utility.configDataProvider.<init>(configDataProvider.java:12)
at com.utility.configDataProvider.<init>(configDataProvider.java:12)
at com.utility.configDataProvider.<init>(configDataProvider.java:12)
at com.utility.configDataProvider.<init>(configDataProvider.java:12)
at com.utility.configDataProvider.<init>(configDataProvider.java:12)
at com.utility.configDataProvider.<init>(configDataProvider.java:12)
at com.utility.configDataProvider.<init>(configDataProvider.java:12)
at com.utility.configDataProvider.<init>(configDataProvider.java:12)
at com.utility.configDataProvider.<init>(configDataProvider.java:12)
at com.utility.configDataProvider.<init>(configDataProvider.java:12)
at com.utility.configDataProvider.<init>(configDataProvider.java:12)
at com.utility.configDataProvider.<init>(configDataProvider.java:12)
at com.utility.configDataProvider.<init>(configDataProvider.java:12)
at com.utility.configDataProvider.<init>(configDataProvider.java:12)
at com.utility.configDataProvider.<init>(configDataProvider.java:12)
at com.utility.configDataProvider.<init>(configDataProvider.java:12)
at com.utility.configDataProvider.<init>(configDataProvider.java:12)
at com.utility.configDataProvider.<init>(configDataProvider.java:12)
at com.utility.configDataProvider.<init>(configDataProvider.java:12)
at com.utility.configDataProvider.<init>(configDataProvider.java:12)
at com.utility.configDataProvider.<init>(configDataProvider.java:12)
at com.utility.configDataProvider.<init>(configDataProvider.java:12)
at com.utility.configDataProvider.<init>(configDataProvider.java:12)
at com.utility.configDataProvider.<init>(configDataProvider.java:12)
at com.utility.configDataProvider.<init>(configDataProvider.java:12)
at com.utility.configDataProvider.<init>(configDataProvider.java:12)
at com.utility.configDataProvider.<init>(configDataProvider.java:12)
at com.utility.configDataProvider.<init>(configDataProvider.java:12)
at com.utility.configDataProvider.<init>(configDataProvider.java:12)
at com.utility.configDataProvider.<init>(configDataProvider.java:12)
at com.utility.configDataProvider.<init>(configDataProvider.java:12)
at com.utility.configDataProvider.<init>(configDataProvider.java:12)
at com.utility.configDataProvider.<init>(configDataProvider.java:12)
at com.utility.configDataProvider.<init>(configDataProvider.java:12)
at com.utility.configDataProvider.<init>(configDataProvider.java:12)
at com.utility.configDataProvider.<init>(configDataProvider.java:12)
at com.utility.configDataProvider.<init>(configDataProvider.java:12)
at com.utility.configDataProvider.<init>(configDataProvider.java:12)
at com.utility.configDataProvider.<init>(configDataProvider.java:12)
at com.utility.configDataProvider.<init>(configDataProvider.java:12)
at com.utility.configDataProvider.<init>(configDataProvider.java:12)
at com.utility.configDataProvider.<init>(configDataProvider.java:12)
at com.utility.configDataProvider.<init>(configDataProvider.java:12)
at com.utility.configDataProvider.<init>(configDataProvider.java:12)
at com.utility.configDataProvider.<init>(configDataProvider.java:12)
at com.utility.configDataProvider.<init>(configDataProvider.java:12)
at com.utility.configDataProvider.<init>(configDataProvider.java:12)
at com.utility.configDataProvider.<init>(configDataProvider.java:12)
at com.utility.configDataProvider.<init>(configDataProvider.java:12)
at com.utility.configDataProvider.<init>(configDataProvider.java:12)
at com.utility.configDataProvider.<init>(configDataProvider.java:12)
at com.utility.configDataProvider.<init>(configDataProvider.java:12)
at com.utility.configDataProvider.<init>(configDataProvider.java:12)
at com.utility.configDataProvider.<init>(configDataProvider.java:12)
at com.utility.configDataProvider.<init>(configDataProvider.java:12)
at com.utility.configDataProvider.<init>(configDataProvider.java:12)
at com.utility.configDataProvider.<init>(configDataProvider.java:12)
at com.utility.configDataProvider.<init>(configDataProvider.java:12)
at com.utility.configDataProvider.<init>(configDataProvider.java:12)
at com.utility.configDataProvider.<init>(configDataProvider.java:12)
at com.utility.configDataProvider.<init>(configDataProvider.java:12)
at com.utility.configDataProvider.<init>(configDataProvider.java:12)
at com.utility.configDataProvider.<init>(configDataProvider.java:12)
at com.utility.configDataProvider.<init>(configDataProvider.java:12)
at com.utility.configDataProvider.<init>(configDataProvider.java:12)
at com.utility.configDataProvider.<init>(configDataProvider.java:12)
at com.utility.configDataProvider.<init>(configDataProvider.java:12)
at com.utility.configDataProvider.<init>(configDataProvider.java:12)
at com.utility.configDataProvider.<init>(configDataProvider.java:12)
at com.utility.configDataProvider.<init>(configDataProvider.java:12)
at com.utility.configDataProvider.<init>(configDataProvider.java:12)
at com.utility.configDataProvider.<init>(configDataProvider.java:12)
at com.utility.configDataProvider.<init>(configDataProvider.java:12)
at com.utility.configDataProvider.<init>(configDataProvider.java:12)
at com.utility.configDataProvider.<init>(configDataProvider.java:12)
at com.utility.configDataProvider.<init>(configDataProvider.java:12)
at com.utility.configDataProvider.<init>(configDataProvider.java:12)
at com.utility.configDataProvider.<init>(configDataProvider.java:12)
at com.utility.configDataProvider.<init>(configDataProvider.java:12)
at com.utility.configDataProvider.<init>(configDataProvider.java:12)
at com.utility.configDataProvider.<init>(configDataProvider.java:12)
at com.utility.configDataProvider.<init>(configDataProvider.java:12)
at com.utility.configDataProvider.<init>(configDataProvider.java:12)
at com.utility.configDataProvider.<init>(configDataProvider.java:12)
at com.utility.configDataProvider.<init>(configDataProvider.java:12)
at com.utility.configDataProvider.<init>(configDataProvider.java:12)
at com.utility.configDataProvider.<init>(configDataProvider.java:12)
at com.utility.configDataProvider.<init>(configDataProvider.java:12)
at com.utility.configDataProvider.<init>(configDataProvider.java:12)
at com.utility.configDataProvider.<init>(configDataProvider.java:12)
at com.utility.configDataProvider.<init>(configDataProvider.java:12)
at com.utility.configDataProvider.<init>(configDataProvider.java:12)
at com.utility.configDataProvider.<init>(configDataProvider.java:12)
at com.utility.configDataProvider.<init>(configDataProvider.java:12)
at com.utility.configDataProvider.<init>(configDataProvider.java:12)
at com.utility.configDataProvider.<init>(configDataProvider.java:12)
at com.utility.configDataProvider.<init>(configDataProvider.java:12)
at com.utility.configDataProvider.<init>(configDataProvider.java:12)
at com.utility.configDataProvider.<init>(configDataProvider.java:12)
at com.utility.configDataProvider.<init>(configDataProvider.java:12)
at com.utility.configDataProvider.<init>(configDataProvider.java:12)
at com.utility.configDataProvider.<init>(configDataProvider.java:12)
at com.utility.configDataProvider.<init>(configDataProvider.java:12)
at com.utility.configDataProvider.<init>(configDataProvider.java:12)
at com.utility.configDataProvider.<init>(configDataProvider.java:12)
at com.utility.configDataProvider.<init>(configDataProvider.java:12)
at com.utility.configDataProvider.<init>(configDataProvider.java:12)
at com.utility.configDataProvider.<init>(configDataProvider.java:12)
at com.utility.configDataProvider.<init>(configDataProvider.java:12)
at com.utility.configDataProvider.<init>(configDataProvider.java:12)
at com.utility.configDataProvider.<init>(configDataProvider.java:12)
at com.utility.configDataProvider.<init>(configDataProvider.java:12)
at com.utility.configDataProvider.<init>(configDataProvider.java:12)
at com.utility.configDataProvider.<init>(configDataProvider.java:12)
at com.utility.configDataProvider.<init>(configDataProvider.java:12)
at com.utility.configDataProvider.<init>(configDataProvider.java:12)
at com.utility.configDataProvider.<init>(configDataProvider.java:12)
at com.utility.configDataProvider.<init>(configDataProvider.java:12)
at com.utility.configDataProvider.<init>(configDataProvider.java:12)
at com.utility.configDataProvider.<init>(configDataProvider.java:12)
at com.utility.configDataProvider.<init>(configDataProvider.java:12)
at com.utility.configDataProvider.<init>(configDataProvider.java:12)
at com.utility.configDataProvider.<init>(configDataProvider.java:12)
at com.utility.configDataProvider.<init>(configDataProvider.java:12)
at com.utility.configDataProvider.<init>(configDataProvider.java:12)
at com.utility.configDataProvider.<init>(configDataProvider.java:12)
at com.utility.configDataProvider.<init>(configDataProvider.java:12)
at com.utility.configDataProvider.<init>(configDataProvider.java:12)
at com.utility.configDataProvider.<init>(configDataProvider.java:12)
at com.utility.configDataProvider.<init>(configDataProvider.java:12)
at com.utility.configDataProvider.<init>(configDataProvider.java:12)
at com.utility.configDataProvider.<init>(configDataProvider.java:12)
at com.utility.configDataProvider.<init>(configDataProvider.java:12)
at com.utility.configDataProvider.<init>(configDataProvider.java:12)
at com.utility.configDataProvider.<init>(configDataProvider.java:12)
at com.utility.configDataProvider.<init>(configDataProvider.java:12)
at com.utility.configDataProvider.<init>(configDataProvider.java:12)
at com.utility.configDataProvider.<init>(configDataProvider.java:12)
at com.utility.configDataProvider.<init>(configDataProvider.java:12)
at com.utility.configDataProvider.<init>(configDataProvider.java:12)
at com.utility.configDataProvider.<init>(configDataProvider.java:12)
at com.utility.configDataProvider.<init>(configDataProvider.java:12)
at com.utility.configDataProvider.<init>(configDataProvider.java:12)
at com.utility.configDataProvider.<init>(configDataProvider.java:12)
at com.utility.configDataProvider.<init>(configDataProvider.java:12)
at com.utility.configDataProvider.<init>(configDataProvider.java:12)
at com.utility.configDataProvider.<init>(configDataProvider.java:12)
at com.utility.configDataProvider.<init>(configDataProvider.java:12)
at com.utility.configDataProvider.<init>(configDataProvider.java:12)
at com.utility.configDataProvider.<init>(configDataProvider.java:12)
at com.utility.configDataProvider.<init>(configDataProvider.java:12)
at com.utility.configDataProvider.<init>(configDataProvider.java:12)
at com.utility.configDataProvider.<init>(configDataProvider.java:12)
at com.utility.configDataProvider.<init>(configDataProvider.java:12)
at com.utility.configDataProvider.<init>(configDataProvider.java:12)
at com.utility.configDataProvider.<init>(configDataProvider.java:12)
at com.utility.configDataProvider.<init>(configDataProvider.java:12)
at com.utility.configDataProvider.<init>(configDataProvider.java:12)
at com.utility.configDataProvider.<init>(configDataProvider.java:12)
at com.utility.configDataProvider.<init>(configDataProvider.java:12)
at com.utility.configDataProvider.<init>(configDataProvider.java:12)
at com.utility.configDataProvider.<init>(configDataProvider.java:12)
at com.utility.configDataProvider.<init>(configDataProvider.java:12)
at com.utility.configDataProvider.<init>(configDataProvider.java:12)
at com.utility.configDataProvider.<init>(configDataProvider.java:12)
at com.utility.configDataProvider.<init>(configDataProvider.java:12)
at com.utility.configDataProvider.<init>(configDataProvider.java:12)
at com.utility.configDataProvider.<init>(configDataProvider.java:12)
at com.utility.configDataProvider.<init>(configDataProvider.java:12)
at com.utility.configDataProvider.<init>(configDataProvider.java:12)
at com.utility.configDataProvider.<init>(configDataProvider.java:12)
at com.utility.configDataProvider.<init>(configDataProvider.java:12)
at com.utility.configDataProvider.<init>(configDataProvider.java:12)
at com.utility.configDataProvider.<init>(configDataProvider.java:12)
at com.utility.configDataProvider.<init>(configDataProvider.java:12)
at com.utility.configDataProvider.<init>(configDataProvider.java:12)
at com.utility.configDataProvider.<init>(configDataProvider.java:12)
at com.utility.configDataProvider.<init>(configDataProvider.java:12)
at com.utility.configDataProvider.<init>(configDataProvider.java:12)
at com.utility.configDataProvider.<init>(configDataProvider.java:12)
at com.utility.configDataProvider.<init>(configDataProvider.java:12)
at com.utility.configDataProvider.<init>(configDataProvider.java:12)
at com.utility.configDataProvider.<init>(configDataProvider.java:12)
at com.utility.configDataProvider.<init>(configDataProvider.java:12)
at com.utility.configDataProvider.<init>(configDataProvider.java:12)
at com.utility.configDataProvider.<init>(configDataProvider.java:12)
at com.utility.configDataProvider.<init>(configDataProvider.java:12)
at com.utility.configDataProvider.<init>(configDataProvider.java:12)
at com.utility.configDataProvider.<init>(configDataProvider.java:12)
at com.utility.configDataProvider.<init>(configDataProvider.java:12)
at com.utility.configDataProvider.<init>(configDataProvider.java:12)
at com.utility.configDataProvider.<init>(configDataProvider.java:12)
at com.utility.configDataProvider.<init>(configDataProvider.java:12)
at com.utility.configDataProvider.<init>(configDataProvider.java:12)
at com.utility.configDataProvider.<init>(configDataProvider.java:12)
at com.utility.configDataProvider.<init>(configDataProvider.java:12)
at com.utility.configDataProvider.<init>(configDataProvider.java:12)
at com.utility.configDataProvider.<init>(configDataProvider.java:12)
at com.utility.configDataProvider.<init>(configDataProvider.java:12)
at com.utility.configDataProvider.<init>(configDataProvider.java:12)
at com.utility.configDataProvider.<init>(configDataProvider.java:12)
at com.utility.configDataProvider.<init>(configDataProvider.java:12)
at com.utility.configDataProvider.<init>(configDataProvider.java:12)
at com.utility.configDataProvider.<init>(configDataProvider.java:12)
at com.utility.configDataProvider.<init>(configDataProvider.java:12)
at com.utility.configDataProvider.<init>(configDataProvider.java:12)
at com.utility.configDataProvider.<init>(configDataProvider.java:12)
at com.utility.configDataProvider.<init>(configDataProvider.java:12)
at com.utility.configDataProvider.<init>(configDataProvider.java:12)
at com.utility.configDataProvider.<init>(configDataProvider.java:12)
at com.utility.configDataProvider.<init>(configDataProvider.java:12)
at com.utility.configDataProvider.<init>(configDataProvider.java:12)
at com.utility.configDataProvider.<init>(configDataProvider.java:12)
at com.utility.configDataProvider.<init>(configDataProvider.java:12)
at com.utility.configDataProvider.<init>(configDataProvider.java:12)
at com.utility.configDataProvider.<init>(configDataProvider.java:12)
at com.utility.configDataProvider.<init>(configDataProvider.java:12)
at com.utility.configDataProvider.<init>(configDataProvider.java:12)
at com.utility.configDataProvider.<init>(configDataProvider.java:12)
at com.utility.configDataProvider.<init>(configDataProvider.java:12)
at com.utility.configDataProvider.<init>(configDataProvider.java:12)
at com.utility.configDataProvider.<init>(configDataProvider.java:12)
at com.utility.configDataProvider.<init>(configDataProvider.java:12)
at com.utility.configDataProvider.<init>(configDataProvider.java:12)
at com.utility.configDataProvider.<init>(configDataProvider.java:12)
at com.utility.configDataProvider.<init>(configDataProvider.java:12)
at com.utility.configDataProvider.<init>(configDataProvider.java:12)
at com.utility.configDataProvider.<init>(configDataProvider.java:12)
at com.utility.configDataProvider.<init>(configDataProvider.java:12)
at com.utility.configDataProvider.<init>(configDataProvider.java:12)
at com.utility.configDataProvider.<init>(configDataProvider.java:12)
at com.utility.configDataProvider.<init>(configDataProvider.java:12)
at com.utility.configDataProvider.<init>(configDataProvider.java:12)
at com.utility.configDataProvider.<init>(configDataProvider.java:12)
at com.utility.configDataProvider.<init>(configDataProvider.java:12)
at com.utility.configDataProvider.<init>(configDataProvider.java:12)
at com.utility.configDataProvider.<init>(configDataProvider.java:12)
at com.utility.configDataProvider.<init>(configDataProvider.java:12)
at com.utility.configDataProvider.<init>(configDataProvider.java:12)
at com.utility.configDataProvider.<init>(configDataProvider.java:12)
at com.utility.configDataProvider.<init>(configDataProvider.java:12)
at com.utility.configDataProvider.<init>(configDataProvider.java:12)
at com.utility.configDataProvider.<init>(configDataProvider.java:12)
at com.utility.configDataProvider.<init>(configDataProvider.java:12)
at com.utility.configDataProvider.<init>(configDataProvider.java:12)
at com.utility.configDataProvider.<init>(configDataProvider.java:12)
at com.utility.configDataProvider.<init>(configDataProvider.java:12)
at com.utility.configDataProvider.<init>(configDataProvider.java:12)
at com.utility.configDataProvider.<init>(configDataProvider.java:12)
at com.utility.configDataProvider.<init>(configDataProvider.java:12)
at com.utility.configDataProvider.<init>(configDataProvider.java:12)
at com.utility.configDataProvider.<init>(configDataProvider.java:12)
at com.utility.configDataProvider.<init>(configDataProvider.java:12)
at com.utility.configDataProvider.<init>(configDataProvider.java:12)
at com.utility.configDataProvider.<init>(configDataProvider.java:12)
at com.utility.configDataProvider.<init>(configDataProvider.java:12)
at com.utility.configDataProvider.<init>(configDataProvider.java:12)
at com.utility.configDataProvider.<init>(configDataProvider.java:12)
at com.utility.configDataProvider.<init>(configDataProvider.java:12)
at com.utility.configDataProvider.<init>(configDataProvider.java:12)
at com.utility.configDataProvider.<init>(configDataProvider.java:12)
at com.utility.configDataProvider.<init>(configDataProvider.java:12)
at com.utility.configDataProvider.<init>(configDataProvider.java:12)
at com.utility.configDataProvider.<init>(configDataProvider.java:12)
at com.utility.configDataProvider.<init>(configDataProvider.java:12)
at com.utility.configDataProvider.<init>(configDataProvider.java:12)
at com.utility.configDataProvider.<init>(configDataProvider.java:12)
at com.utility.configDataProvider.<init>(configDataProvider.java:12)
at com.utility.configDataProvider.<init>(configDataProvider.java:12)
at com.utility.configDataProvider.<init>(configDataProvider.java:12)
at com.utility.configDataProvider.<init>(configDataProvider.java:12)
at com.utility.configDataProvider.<init>(configDataProvider.java:12)
at com.utility.configDataProvider.<init>(configDataProvider.java:12)
at com.utility.configDataProvider.<init>(configDataProvider.java:12)
at com.utility.configDataProvider.<init>(configDataProvider.java:12)
at com.utility.configDataProvider.<init>(configDataProvider.java:12)
at com.utility.configDataProvider.<init>(configDataProvider.java:12)
at com.utility.configDataProvider.<init>(configDataProvider.java:12)
at com.utility.configDataProvider.<init>(configDataProvider.java:12)
at com.utility.configDataProvider.<init>(configDataProvider.java:12)
at com.utility.configDataProvider.<init>(configDataProvider.java:12)
at com.utility.configDataProvider.<init>(configDataProvider.java:12)
at com.utility.configDataProvider.<init>(configDataProvider.java:12)
at com.utility.configDataProvider.<init>(configDataProvider.java:12)
at com.utility.configDataProvider.<init>(configDataProvider.java:12)
at com.utility.configDataProvider.<init>(configDataProvider.java:12)
at com.utility.configDataProvider.<init>(configDataProvider.java:12)
at com.utility.configDataProvider.<init>(configDataProvider.java:12)
at com.utility.configDataProvider.<init>(configDataProvider.java:12)
at com.utility.configDataProvider.<init>(configDataProvider.java:12)
at com.utility.configDataProvider.<init>(configDataProvider.java:12)
at com.utility.configDataProvider.<init>(configDataProvider.java:12)
at com.utility.configDataProvider.<init>(configDataProvider.java:12)
at com.utility.configDataProvider.<init>(configDataProvider.java:12)
at com.utility.configDataProvider.<init>(configDataProvider.java:12)
at com.utility.configDataProvider.<init>(configDataProvider.java:12)
at com.utility.configDataProvider.<init>(configDataProvider.java:12)
at com.utility.configDataProvider.<init>(configDataProvider.java:12)
at com.utility.configDataProvider.<init>(configDataProvider.java:12)
at com.utility.configDataProvider.<init>(configDataProvider.java:12)
at com.utility.configDataProvider.<init>(configDataProvider.java:12)
at com.utility.configDataProvider.<init>(configDataProvider.java:12)
at com.utility.configDataProvider.<init>(configDataProvider.java:12)
at com.utility.configDataProvider.<init>(configDataProvider.java:12)
at com.utility.configDataProvider.<init>(configDataProvider.java:12)
at com.utility.configDataProvider.<init>(configDataProvider.java:12)
at com.utility.configDataProvider.<init>(configDataProvider.java:12)
at com.utility.configDataProvider.<init>(configDataProvider.java:12)
at com.utility.configDataProvider.<init>(configDataProvider.java:12)
at com.utility.configDataProvider.<init>(configDataProvider.java:12)
at com.utility.configDataProvider.<init>(configDataProvider.java:12)
at com.utility.configDataProvider.<init>(configDataProvider.java:12)
at com.utility.configDataProvider.<init>(configDataProvider.java:12)
at com.utility.configDataProvider.<init>(configDataProvider.java:12)
at com.utility.configDataProvider.<init>(configDataProvider.java:12)
at com.utility.configDataProvider.<init>(configDataProvider.java:12)
at com.utility.configDataProvider.<init>(configDataProvider.java:12)
at com.utility.configDataProvider.<init>(configDataProvider.java:12)
at com.utility.configDataProvider.<init>(configDataProvider.java:12)
at com.utility.configDataProvider.<init>(configDataProvider.java:12)
at com.utility.configDataProvider.<init>(configDataProvider.java:12)
at com.utility.configDataProvider.<init>(configDataProvider.java:12)
at com.utility.configDataProvider.<init>(configDataProvider.java:12)
at com.utility.configDataProvider.<init>(configDataProvider.java:12)
at com.utility.configDataProvider.<init>(configDataProvider.java:12)
at com.utility.configDataProvider.<init>(configDataProvider.java:12)
at com.utility.configDataProvider.<init>(configDataProvider.java:12)
at com.utility.configDataProvider.<init>(configDataProvider.java:12)
at com.utility.configDataProvider.<init>(configDataProvider.java:12)
at com.utility.configDataProvider.<init>(configDataProvider.java:12)
at com.utility.configDataProvider.<init>(configDataProvider.java:12)
at com.utility.configDataProvider.<init>(configDataProvider.java:12)
at com.utility.configDataProvider.<init>(configDataProvider.java:12)
at com.utility.configDataProvider.<init>(configDataProvider.java:12)
at com.utility.configDataProvider.<init>(configDataProvider.java:12)
at com.utility.configDataProvider.<init>(configDataProvider.java:12)
at com.utility.configDataProvider.<init>(configDataProvider.java:12)
at com.utility.configDataProvider.<init>(configDataProvider.java:12)
at com.utility.configDataProvider.<init>(configDataProvider.java:12)
at com.utility.configDataProvider.<init>(configDataProvider.java:12)
at com.utility.configDataProvider.<init>(configDataProvider.java:12)
at com.utility.configDataProvider.<init>(configDataProvider.java:12)
at com.utility.configDataProvider.<init>(configDataProvider.java:12)
at com.utility.configDataProvider.<init>(configDataProvider.java:12)
at com.utility.configDataProvider.<init>(configDataProvider.java:12)
at com.utility.configDataProvider.<init>(configDataProvider.java:12)
at com.utility.configDataProvider.<init>(configDataProvider.java:12)
at com.utility.configDataProvider.<init>(configDataProvider.java:12)
at com.utility.configDataProvider.<init>(configDataProvider.java:12)
at com.utility.configDataProvider.<init>(configDataProvider.java:12)
at com.utility.configDataProvider.<init>(configDataProvider.java:12)
at com.utility.configDataProvider.<init>(configDataProvider.java:12)
at com.utility.configDataProvider.<init>(configDataProvider.java:12)
at com.utility.configDataProvider.<init>(configDataProvider.java:12)
at com.utility.configDataProvider.<init>(configDataProvider.java:12)
at com.utility.configDataProvider.<init>(configDataProvider.java:12)
at com.utility.configDataProvider.<init>(configDataProvider.java:12)
at com.utility.configDataProvider.<init>(configDataProvider.java:12)
at com.utility.configDataProvider.<init>(configDataProvider.java:12)
at com.utility.configDataProvider.<init>(configDataProvider.java:12)
at com.utility.configDataProvider.<init>(configDataProvider.java:12)
at com.utility.configDataProvider.<init>(configDataProvider.java:12)
at com.utility.configDataProvider.<init>(configDataProvider.java:12)
at com.utility.configDataProvider.<init>(configDataProvider.java:12)
at com.utility.configDataProvider.<init>(configDataProvider.java:12)
at com.utility.configDataProvider.<init>(configDataProvider.java:12)
at com.utility.configDataProvider.<init>(configDataProvider.java:12)
at com.utility.configDataProvider.<init>(configDataProvider.java:12)
at com.utility.configDataProvider.<init>(configDataProvider.java:12)
at com.utility.configDataProvider.<init>(configDataProvider.java:12)
at com.utility.configDataProvider.<init>(configDataProvider.java:12)
at com.utility.configDataProvider.<init>(configDataProvider.java:12)
at com.utility.configDataProvider.<init>(configDataProvider.java:12)
at com.utility.configDataProvider.<init>(configDataProvider.java:12)
at com.utility.configDataProvider.<init>(configDataProvider.java:12)
at com.utility.configDataProvider.<init>(configDataProvider.java:12)
at com.utility.configDataProvider.<init>(configDataProvider.java:12)
at com.utility.configDataProvider.<init>(configDataProvider.java:12)
at com.utility.configDataProvider.<init>(configDataProvider.java:12)
at com.utility.configDataProvider.<init>(configDataProvider.java:12)
at com.utility.configDataProvider.<init>(configDataProvider.java:12)
at com.utility.configDataProvider.<init>(configDataProvider.java:12)
at com.utility.configDataProvider.<init>(configDataProvider.java:12)
at com.utility.configDataProvider.<init>(configDataProvider.java:12)
at com.utility.configDataProvider.<init>(configDataProvider.java:12)
at com.utility.configDataProvider.<init>(configDataProvider.java:12)
at com.utility.configDataProvider.<init>(configDataProvider.java:12)
at com.utility.configDataProvider.<init>(configDataProvider.java:12)
at com.utility.configDataProvider.<init>(configDataProvider.java:12)
at com.utility.configDataProvider.<init>(configDataProvider.java:12)
at com.utility.configDataProvider.<init>(configDataProvider.java:12)
at com.utility.configDataProvider.<init>(configDataProvider.java:12)
at com.utility.configDataProvider.<init>(configDataProvider.java:12)
at com.utility.configDataProvider.<init>(configDataProvider.java:12)
at com.utility.configDataProvider.<init>(configDataProvider.java:12)
at com.utility.configDataProvider.<init>(configDataProvider.java:12)
at com.utility.configDataProvider.<init>(configDataProvider.java:12)
at com.utility.configDataProvider.<init>(configDataProvider.java:12)
at com.utility.configDataProvider.<init>(configDataProvider.java:12)
at com.utility.configDataProvider.<init>(configDataProvider.java:12)
at com.utility.configDataProvider.<init>(configDataProvider.java:12)
at com.utility.configDataProvider.<init>(configDataProvider.java:12)
at com.utility.configDataProvider.<init>(configDataProvider.java:12)
at com.utility.configDataProvider.<init>(configDataProvider.java:12)
at com.utility.configDataProvider.<init>(configDataProvider.java:12)
at com.utility.configDataProvider.<init>(configDataProvider.java:12)
at com.utility.configDataProvider.<init>(configDataProvider.java:12)
at com.utility.configDataProvider.<init>(configDataProvider.java:12)
at com.utility.configDataProvider.<init>(configDataProvider.java:12)
at com.utility.configDataProvider.<init>(configDataProvider.java:12)
at com.utility.configDataProvider.<init>(configDataProvider.java:12)
at com.utility.configDataProvider.<init>(configDataProvider.java:12)
at com.utility.configDataProvider.<init>(configDataProvider.java:12)
at com.utility.configDataProvider.<init>(configDataProvider.java:12)
at com.utility.configDataProvider.<init>(configDataProvider.java:12)
at com.utility.configDataProvider.<init>(configDataProvider.java:12)
at com.utility.configDataProvider.<init>(configDataProvider.java:12)
at com.utility.configDataProvider.<init>(configDataProvider.java:12)
at com.utility.configDataProvider.<init>(configDataProvider.java:12)
at com.utility.configDataProvider.<init>(configDataProvider.java:12)
at com.utility.configDataProvider.<init>(configDataProvider.java:12)
at com.utility.configDataProvider.<init>(configDataProvider.java:12)
at com.utility.configDataProvider.<init>(configDataProvider.java:12)
at com.utility.configDataProvider.<init>(configDataProvider.java:12)
at com.utility.configDataProvider.<init>(configDataProvider.java:12)
at com.utility.configDataProvider.<init>(configDataProvider.java:12)
at com.utility.configDataProvider.<init>(configDataProvider.java:12)
at com.utility.configDataProvider.<init>(configDataProvider.java:12)
at com.utility.configDataProvider.<init>(configDataProvider.java:12)
at com.utility.configDataProvider.<init>(configDataProvider.java:12)
at com.utility.configDataProvider.<init>(configDataProvider.java:12)
at com.utility.configDataProvider.<init>(configDataProvider.java:12)
at com.utility.configDataProvider.<init>(configDataProvider.java:12)
at com.utility.configDataProvider.<init>(configDataProvider.java:12)
at com.utility.configDataProvider.<init>(configDataProvider.java:12)
at com.utility.configDataProvider.<init>(configDataProvider.java:12)
at com.utility.configDataProvider.<init>(configDataProvider.java:12)
at com.utility.configDataProvider.<init>(configDataProvider.java:12)
at com.utility.configDataProvider.<init>(configDataProvider.java:12)
at com.utility.configDataProvider.<init>(configDataProvider.java:12)
at com.utility.configDataProvider.<init>(configDataProvider.java:12)
at com.utility.configDataProvider.<init>(configDataProvider.java:12)
at com.utility.configDataProvider.<init>(configDataProvider.java:12)
at com.utility.configDataProvider.<init>(configDataProvider.java:12)
at com.utility.configDataProvider.<init>(configDataProvider.java:12)
at com.utility.configDataProvider.<init>(configDataProvider.java:12)
at com.utility.configDataProvider.<init>(configDataProvider.java:12)
at com.utility.configDataProvider.<init>(configDataProvider.java:12)
at com.utility.configDataProvider.<init>(configDataProvider.java:12)
at com.utility.configDataProvider.<init>(configDataProvider.java:12)
at com.utility.configDataProvider.<init>(configDataProvider.java:12)
at com.utility.configDataProvider.<init>(configDataProvider.java:12)
at com.utility.configDataProvider.<init>(configDataProvider.java:12)
at com.utility.configDataProvider.<init>(configDataProvider.java:12)
at com.utility.configDataProvider.<init>(configDataProvider.java:12)
at com.utility.configDataProvider.<init>(configDataProvider.java:12)
at com.utility.configDataProvider.<init>(configDataProvider.java:12)
at com.utility.configDataProvider.<init>(configDataProvider.java:12)
at com.utility.configDataProvider.<init>(configDataProvider.java:12)
at com.utility.configDataProvider.<init>(configDataProvider.java:12)
at com.utility.configDataProvider.<init>(configDataProvider.java:12)
at com.utility.configDataProvider.<init>(configDataProvider.java:12)
at com.utility.configDataProvider.<init>(configDataProvider.java:12)
at com.utility.configDataProvider.<init>(configDataProvider.java:12)
at com.utility.configDataProvider.<init>(configDataProvider.java:12)
at com.utility.configDataProvider.<init>(configDataProvider.java:12)
at com.utility.configDataProvider.<init>(configDataProvider.java:12)
at com.utility.configDataProvider.<init>(configDataProvider.java:12)
at com.utility.configDataProvider.<init>(configDataProvider.java:12)
at com.utility.configDataProvider.<init>(configDataProvider.java:12)
at com.utility.configDataProvider.<init>(configDataProvider.java:12)
at com.utility.configDataProvider.<init>(configDataProvider.java:12)
at com.utility.configDataProvider.<init>(configDataProvider.java:12)
at com.utility.configDataProvider.<init>(configDataProvider.java:12)
at com.utility.configDataProvider.<init>(configDataProvider.java:12)
at com.utility.configDataProvider.<init>(configDataProvider.java:12)
at com.utility.configDataProvider.<init>(configDataProvider.java:12)
at com.utility.configDataProvider.<init>(configDataProvider.java:12)
at com.utility.configDataProvider.<init>(configDataProvider.java:12)
at com.utility.configDataProvider.<init>(configDataProvider.java:12)
at com.utility.configDataProvider.<init>(configDataProvider.java:12)
at com.utility.configDataProvider.<init>(configDataProvider.java:12)
at com.utility.configDataProvider.<init>(configDataProvider.java:12)
at com.utility.configDataProvider.<init>(configDataProvider.java:12)
at com.utility.configDataProvider.<init>(configDataProvider.java:12)
at com.utility.configDataProvider.<init>(configDataProvider.java:12)
at com.utility.configDataProvider.<init>(configDataProvider.java:12)
at com.utility.configDataProvider.<init>(configDataProvider.java:12)
at com.utility.configDataProvider.<init>(configDataProvider.java:12)
at com.utility.configDataProvider.<init>(configDataProvider.java:12)
at com.utility.configDataProvider.<init>(configDataProvider.java:12)
at com.utility.configDataProvider.<init>(configDataProvider.java:12)
at com.utility.configDataProvider.<init>(configDataProvider.java:12)
at com.utility.configDataProvider.<init>(configDataProvider.java:12)
at com.utility.configDataProvider.<init>(configDataProvider.java:12)
at com.utility.configDataProvider.<init>(configDataProvider.java:12)
at com.utility.configDataProvider.<init>(configDataProvider.java:12)
at com.utility.configDataProvider.<init>(configDataProvider.java:12)
at com.utility.configDataProvider.<init>(configDataProvider.java:12)
at com.utility.configDataProvider.<init>(configDataProvider.java:12)
at com.utility.configDataProvider.<init>(configDataProvider.java:12)
at com.utility.configDataProvider.<init>(configDataProvider.java:12)
at com.utility.configDataProvider.<init>(configDataProvider.java:12)
at com.utility.configDataProvider.<init>(configDataProvider.java:12)
at com.utility.configDataProvider.<init>(configDataProvider.java:12)
at com.utility.configDataProvider.<init>(configDataProvider.java:12)
at com.utility.configDataProvider.<init>(configDataProvider.java:12)
at com.utility.configDataProvider.<init>(configDataProvider.java:12)
at com.utility.configDataProvider.<init>(configDataProvider.java:12)
at com.utility.configDataProvider.<init>(configDataProvider.java:12)
at com.utility.configDataProvider.<init>(configDataProvider.java:12)
at com.utility.configDataProvider.<init>(configDataProvider.java:12)
at com.utility.configDataProvider.<init>(configDataProvider.java:12)
at com.utility.configDataProvider.<init>(configDataProvider.java:12)
at com.utility.configDataProvider.<init>(configDataProvider.java:12)
at com.utility.configDataProvider.<init>(configDataProvider.java:12)
at com.utility.configDataProvider.<init>(configDataProvider.java:12)
at com.utility.configDataProvider.<init>(configDataProvider.java:12)
at com.utility.configDataProvider.<init>(configDataProvider.java:12)
at com.utility.configDataProvider.<init>(configDataProvider.java:12)
at com.utility.configDataProvider.<init>(configDataProvider.java:12)
at com.utility.configDataProvider.<init>(configDataProvider.java:12)
at com.utility.configDataProvider.<init>(configDataProvider.java:12)
at com.utility.configDataProvider.<init>(configDataProvider.java:12)
at com.utility.configDataProvider.<init>(configDataProvider.java:12)
at com.utility.configDataProvider.<init>(configDataProvider.java:12)
at com.utility.configDataProvider.<init>(configDataProvider.java:12)
at com.utility.configDataProvider.<init>(configDataProvider.java:12)
at com.utility.configDataProvider.<init>(configDataProvider.java:12)
at com.utility.configDataProvider.<init>(configDataProvider.java:12)
at com.utility.configDataProvider.<init>(configDataProvider.java:12)
at com.utility.configDataProvider.<init>(configDataProvider.java:12)
at com.utility.configDataProvider.<init>(configDataProvider.java:12)
at com.utility.configDataProvider.<init>(configDataProvider.java:12)
at com.utility.configDataProvider.<init>(configDataProvider.java:12)
at com.utility.configDataProvider.<init>(configDataProvider.java:12)
at com.utility.configDataProvider.<init>(configDataProvider.java:12)
at com.utility.configDataProvider.<init>(configDataProvider.java:12)
at com.utility.configDataProvider.<init>(configDataProvider.java:12)
at com.utility.configDataProvider.<init>(configDataProvider.java:12)
at com.utility.configDataProvider.<init>(configDataProvider.java:12)
at com.utility.configDataProvider.<init>(configDataProvider.java:12)
at com.utility.configDataProvider.<init>(configDataProvider.java:12)
at com.utility.configDataProvider.<init>(configDataProvider.java:12)
at com.utility.configDataProvider.<init>(configDataProvider.java:12)
at com.utility.configDataProvider.<init>(configDataProvider.java:12)
at com.utility.configDataProvider.<init>(configDataProvider.java:12)
at com.utility.configDataProvider.<init>(configDataProvider.java:12)
at com.utility.configDataProvider.<init>(configDataProvider.java:12)
at com.utility.configDataProvider.<init>(configDataProvider.java:12)
at com.utility.configDataProvider.<init>(configDataProvider.java:12)
at com.utility.configDataProvider.<init>(configDataProvider.java:12)
at com.utility.configDataProvider.<init>(configDataProvider.java:12)
at com.utility.configDataProvider.<init>(configDataProvider.java:12)
at com.utility.configDataProvider.<init>(configDataProvider.java:12)
at com.utility.configDataProvider.<init>(configDataProvider.java:12)
at com.utility.configDataProvider.<init>(configDataProvider.java:12)
at com.utility.configDataProvider.<init>(configDataProvider.java:12)
at com.utility.configDataProvider.<init>(configDataProvider.java:12)
at com.utility.configDataProvider.<init>(configDataProvider.java:12)
at com.utility.configDataProvider.<init>(configDataProvider.java:12)
at com.utility.configDataProvider.<init>(configDataProvider.java:12)
at com.utility.configDataProvider.<init>(configDataProvider.java:12)
at com.utility.configDataProvider.<init>(configDataProvider.java:12)
at com.utility.configDataProvider.<init>(configDataProvider.java:12)
at com.utility.configDataProvider.<init>(configDataProvider.java:12)
at com.utility.configDataProvider.<init>(configDataProvider.java:12)
at com.utility.configDataProvider.<init>(configDataProvider.java:12)
at com.utility.configDataProvider.<init>(configDataProvider.java:12)
at com.utility.configDataProvider.<init>(configDataProvider.java:12)
at com.utility.configDataProvider.<init>(configDataProvider.java:12)
at com.utility.configDataProvider.<init>(configDataProvider.java:12)
at com.utility.configDataProvider.<init>(configDataProvider.java:12)
at com.utility.configDataProvider.<init>(configDataProvider.java:12)
at com.utility.configDataProvider.<init>(configDataProvider.java:12)
at com.utility.configDataProvider.<init>(configDataProvider.java:12)
at com.utility.configDataProvider.<init>(configDataProvider.java:12)
at com.utility.configDataProvider.<init>(configDataProvider.java:12)
at com.utility.configDataProvider.<init>(configDataProvider.java:12)
at com.utility.configDataProvider.<init>(configDataProvider.java:12)
at com.utility.configDataProvider.<init>(configDataProvider.java:12)
at com.utility.configDataProvider.<init>(configDataProvider.java:12)
at com.utility.configDataProvider.<init>(configDataProvider.java:12)
at com.utility.configDataProvider.<init>(configDataProvider.java:12)
at com.utility.configDataProvider.<init>(configDataProvider.java:12)
at com.utility.configDataProvider.<init>(configDataProvider.java:12)
at com.utility.configDataProvider.<init>(configDataProvider.java:12)
at com.utility.configDataProvider.<init>(configDataProvider.java:12)
at com.utility.configDataProvider.<init>(configDataProvider.java:12)
at com.utility.configDataProvider.<init>(configDataProvider.java:12)
at com.utility.configDataProvider.<init>(configDataProvider.java:12)
at com.utility.configDataProvider.<init>(configDataProvider.java:12)
at com.utility.configDataProvider.<init>(configDataProvider.java:12)
at com.utility.configDataProvider.<init>(configDataProvider.java:12)
at com.utility.configDataProvider.<init>(configDataProvider.java:12)
at com.utility.configDataProvider.<init>(configDataProvider.java:12)
at com.utility.configDataProvider.<init>(configDataProvider.java:12)
at com.utility.configDataProvider.<init>(configDataProvider.java:12)
at com.utility.configDataProvider.<init>(configDataProvider.java:12)
at com.utility.configDataProvider.<init>(configDataProvider.java:12)
at com.utility.configDataProvider.<init>(configDataProvider.java:12)
at com.utility.configDataProvider.<init>(configDataProvider.java:12)
at com.utility.configDataProvider.<init>(configDataProvider.java:12)
at com.utility.configDataProvider.<init>(configDataProvider.java:12)
at com.utility.configDataProvider.<init>(configDataProvider.java:12)
at com.utility.configDataProvider.<init>(configDataProvider.java:12)
at com.utility.configDataProvider.<init>(configDataProvider.java:12)
at com.utility.configDataProvider.<init>(configDataProvider.java:12)
at com.utility.configDataProvider.<init>(configDataProvider.java:12)
at com.utility.configDataProvider.<init>(configDataProvider.java:12)
at com.utility.configDataProvider.<init>(configDataProvider.java:12)
at com.utility.configDataProvider.<init>(configDataProvider.java:12)
at com.utility.configDataProvider.<init>(configDataProvider.java:12)
at com.utility.configDataProvider.<init>(configDataProvider.java:12)
at com.utility.configDataProvider.<init>(configDataProvider.java:12)
at com.utility.configDataProvider.<init>(configDataProvider.java:12)
at com.utility.configDataProvider.<init>(configDataProvider.java:12)
at com.utility.configDataProvider.<init>(configDataProvider.java:12)
at com.utility.configDataProvider.<init>(configDataProvider.java:12)
at com.utility.configDataProvider.<init>(configDataProvider.java:12)
at com.utility.configDataProvider.<init>(configDataProvider.java:12)
at com.utility.configDataProvider.<init>(configDataProvider.java:12)
at com.utility.configDataProvider.<init>(configDataProvider.java:12)
at com.utility.configDataProvider.<init>(configDataProvider.java:12)
at com.utility.configDataProvider.<init>(configDataProvider.java:12)
at com.utility.configDataProvider.<init>(configDataProvider.java:12)
at com.utility.configDataProvider.<init>(configDataProvider.java:12)
at com.utility.configDataProvider.<init>(configDataProvider.java:12)
at com.utility.configDataProvider.<init>(configDataProvider.java:12)
at com.utility.configDataProvider.<init>(configDataProvider.java:12)
at com.utility.configDataProvider.<init>(configDataProvider.java:12)
at com.utility.configDataProvider.<init>(configDataProvider.java:12)
at com.utility.configDataProvider.<init>(configDataProvider.java:12)
at com.utility.configDataProvider.<init>(configDataProvider.java:12)
at com.utility.configDataProvider.<init>(configDataProvider.java:12)
at com.utility.configDataProvider.<init>(configDataProvider.java:12)
at com.utility.configDataProvider.<init>(configDataProvider.java:12)
at com.utility.configDataProvider.<init>(configDataProvider.java:12)
at com.utility.configDataProvider.<init>(configDataProvider.java:12)
at com.utility.configDataProvider.<init>(configDataProvider.java:12)
at com.utility.configDataProvider.<init>(configDataProvider.java:12)
at com.utility.configDataProvider.<init>(configDataProvider.java:12)
at com.utility.configDataProvider.<init>(configDataProvider.java:12)
at com.utility.configDataProvider.<init>(configDataProvider.java:12)
at com.utility.configDataProvider.<init>(configDataProvider.java:12)
at com.utility.configDataProvider.<init>(configDataProvider.java:12)
at com.utility.configDataProvider.<init>(configDataProvider.java:12)
at com.utility.configDataProvider.<init>(configDataProvider.java:12)
at com.utility.configDataProvider.<init>(configDataProvider.java:12)
at com.utility.configDataProvider.<init>(configDataProvider.java:12)
at com.utility.configDataProvider.<init>(configDataProvider.java:12)
at com.utility.configDataProvider.<init>(configDataProvider.java:12)
at com.utility.configDataProvider.<init>(configDataProvider.java:12)
at com.utility.configDataProvider.<init>(configDataProvider.java:12)
at com.utility.configDataProvider.<init>(configDataProvider.java:12)
at com.utility.configDataProvider.<init>(configDataProvider.java:12)
at com.utility.configDataProvider.<init>(configDataProvider.java:12)
at com.utility.configDataProvider.<init>(configDataProvider.java:12)
at com.utility.configDataProvider.<init>(configDataProvider.java:12)
at com.utility.configDataProvider.<init>(configDataProvider.java:12)
at com.utility.configDataProvider.<init>(configDataProvider.java:12)
at com.utility.configDataProvider.<init>(configDataProvider.java:12)
at com.utility.configDataProvider.<init>(configDataProvider.java:12)
at com.utility.configDataProvider.<init>(configDataProvider.java:12)
at com.utility.configDataProvider.<init>(configDataProvider.java:12)
at com.utility.configDataProvider.<init>(configDataProvider.java:12)
at com.utility.configDataProvider.<init>(configDataProvider.java:12)
at com.utility.configDataProvider.<init>(configDataProvider.java:12)
at com.utility.configDataProvider.<init>(configDataProvider.java:12)
at com.utility.configDataProvider.<init>(configDataProvider.java:12)
at com.utility.configDataProvider.<init>(configDataProvider.java:12)
at com.utility.configDataProvider.<init>(configDataProvider.java:12)
at com.utility.configDataProvider.<init>(configDataProvider.java:12)
at com.utility.configDataProvider.<init>(configDataProvider.java:12)
at com.utility.configDataProvider.<init>(configDataProvider.java:12)
at com.utility.configDataProvider.<init>(configDataProvider.java:12)
at com.utility.configDataProvider.<init>(configDataProvider.java:12)
at com.utility.configDataProvider.<init>(configDataProvider.java:12)
at com.utility.configDataProvider.<init>(configDataProvider.java:12)
at com.utility.configDataProvider.<init>(configDataProvider.java:12)
at com.utility.configDataProvider.<init>(configDataProvider.java:12)
at com.utility.configDataProvider.<init>(configDataProvider.java:12)
at com.utility.configDataProvider.<init>(configDataProvider.java:12)
at com.utility.configDataProvider.<init>(configDataProvider.java:12)
at com.utility.configDataProvider.<init>(configDataProvider.java:12)
at com.utility.configDataProvider.<init>(configDataProvider.java:12)
at com.utility.configDataProvider.<init>(configDataProvider.java:12)
at com.utility.configDataProvider.<init>(configDataProvider.java:12)
at com.utility.configDataProvider.<init>(configDataProvider.java:12)
at com.utility.configDataProvider.<init>(configDataProvider.java:12)
at com.utility.configDataProvider.<init>(configDataProvider.java:12)
at com.utility.configDataProvider.<init>(configDataProvider.java:12)
at com.utility.configDataProvider.<init>(configDataProvider.java:12)
at com.utility.configDataProvider.<init>(configDataProvider.java:12)
at com.utility.configDataProvider.<init>(configDataProvider.java:12)
at com.utility.configDataProvider.<init>(configDataProvider.java:12)
at com.utility.configDataProvider.<init>(configDataProvider.java:12)
at com.utility.configDataProvider.<init>(configDataProvider.java:12)
at com.utility.configDataProvider.<init>(configDataProvider.java:12)
at com.utility.configDataProvider.<init>(configDataProvider.java:12)
at com.utility.configDataProvider.<init>(configDataProvider.java:12)
at com.utility.configDataProvider.<init>(configDataProvider.java:12)
at com.utility.configDataProvider.<init>(configDataProvider.java:12)
at com.utility.configDataProvider.<init>(configDataProvider.java:12)
at com.utility.configDataProvider.<init>(configDataProvider.java:12)
at com.utility.configDataProvider.<init>(configDataProvider.java:12)
at com.utility.configDataProvider.<init>(configDataProvider.java:12)
at com.utility.configDataProvider.<init>(configDataProvider.java:12)
at com.utility.configDataProvider.<init>(configDataProvider.java:12)
at com.utility.configDataProvider.<init>(configDataProvider.java:12)
at com.utility.configDataProvider.<init>(configDataProvider.java:12)
at com.utility.configDataProvider.<init>(configDataProvider.java:12)
at com.utility.configDataProvider.<init>(configDataProvider.java:12)
at com.utility.configDataProvider.<init>(configDataProvider.java:12)
at com.utility.configDataProvider.<init>(configDataProvider.java:12)
at com.utility.configDataProvider.<init>(configDataProvider.java:12)
at com.utility.configDataProvider.<init>(configDataProvider.java:12)
at com.utility.configDataProvider.<init>(configDataProvider.java:12)
at com.utility.configDataProvider.<init>(configDataProvider.java:12)
at com.utility.configDataProvider.<init>(configDataProvider.java:12)
at com.utility.configDataProvider.<init>(configDataProvider.java:12)
at com.utility.configDataProvider.<init>(configDataProvider.java:12)
at com.utility.configDataProvider.<init>(configDataProvider.java:12)
at com.utility.configDataProvider.<init>(configDataProvider.java:12)
at com.utility.configDataProvider.<init>(configDataProvider.java:12)
at com.utility.configDataProvider.<init>(configDataProvider.java:12)
at com.utility.configDataProvider.<init>(configDataProvider.java:12)
at com.utility.configDataProvider.<init>(configDataProvider.java:12)
at com.utility.configDataProvider.<init>(configDataProvider.java:12)
at com.utility.configDataProvider.<init>(configDataProvider.java:12)
at com.utility.configDataProvider.<init>(configDataProvider.java:12)
at com.utility.configDataProvider.<init>(configDataProvider.java:12)
at com.utility.configDataProvider.<init>(configDataProvider.java:12)
at com.utility.configDataProvider.<init>(configDataProvider.java:12)
at com.utility.configDataProvider.<init>(configDataProvider.java:12)
at com.utility.configDataProvider.<init>(configDataProvider.java:12)
at com.utility.configDataProvider.<init>(configDataProvider.java:12)
at com.utility.configDataProvider.<init>(configDataProvider.java:12)
at com.utility.configDataProvider.<init>(configDataProvider.java:12)
at com.utility.configDataProvider.<init>(configDataProvider.java:12)
at com.utility.configDataProvider.<init>(configDataProvider.java:12)
at com.utility.configDataProvider.<init>(configDataProvider.java:12)
at com.utility.configDataProvider.<init>(configDataProvider.java:12)
at com.utility.configDataProvider.<init>(configDataProvider.java:12)
at com.utility.configDataProvider.<init>(configDataProvider.java:12)
at com.utility.configDataProvider.<init>(configDataProvider.java:12)
at com.utility.configDataProvider.<init>(configDataProvider.java:12)
at com.utility.configDataProvider.<init>(configDataProvider.java:12)
at com.utility.configDataProvider.<init>(configDataProvider.java:12)
at com.utility.configDataProvider.<init>(configDataProvider.java:12)
at com.utility.configDataProvider.<init>(configDataProvider.java:12)
at com.utility.configDataProvider.<init>(configDataProvider.java:12)
at com.utility.configDataProvider.<init>(configDataProvider.java:12)
at com.utility.configDataProvider.<init>(configDataProvider.java:12)
at com.utility.configDataProvider.<init>(configDataProvider.java:12)
at com.utility.configDataProvider.<init>(configDataProvider.java:12)
at com.utility.configDataProvider.<init>(configDataProvider.java:12)
at com.utility.configDataProvider.<init>(configDataProvider.java:12)
at com.utility.configDataProvider.<init>(configDataProvider.java:12)
at com.utility.configDataProvider.<init>(configDataProvider.java:12)
at com.utility.configDataProvider.<init>(configDataProvider.java:12)
at com.utility.configDataProvider.<init>(configDataProvider.java:12)
at com.utility.configDataProvider.<init>(configDataProvider.java:12)
at com.utility.configDataProvider.<init>(configDataProvider.java:12)
at com.utility.configDataProvider.<init>(configDataProvider.java:12)
at com.utility.configDataProvider.<init>(configDataProvider.java:12)
at com.utility.configDataProvider.<init>(configDataProvider.java:12)
at com.utility.configDataProvider.<init>(configDataProvider.java:12)
at com.utility.configDataProvider.<init>(configDataProvider.java:12)
at com.utility.configDataProvider.<init>(configDataProvider.java:12)
at com.utility.configDataProvider.<init>(configDataProvider.java:12)
at com.utility.configDataProvider.<init>(configDataProvider.java:12)
at com.utility.configDataProvider.<init>(configDataProvider.java:12)
at com.utility.configDataProvider.<init>(configDataProvider.java:12)
at com.utility.configDataProvider.<init>(configDataProvider.java:12)
at com.utility.configDataProvider.<init>(configDataProvider.java:12)
at com.utility.configDataProvider.<init>(configDataProvider.java:12)
at com.utility.configDataProvider.<init>(configDataProvider.java:12)
at com.utility.configDataProvider.<init>(configDataProvider.java:12)
at com.utility.configDataProvider.<init>(configDataProvider.java:12)
at com.utility.configDataProvider.<init>(configDataProvider.java:12)
at com.utility.configDataProvider.<init>(configDataProvider.java:12)
at com.utility.configDataProvider.<init>(configDataProvider.java:12)
at com.utility.configDataProvider.<init>(configDataProvider.java:12)
at com.utility.configDataProvider.<init>(configDataProvider.java:12)
]]>
    </error>
  </testcase> <!-- Baseclass1 -->
  <system-out/>
  <testcase classname="com.test.test1" name="verify_test1" time="0.000">
    <skipped/>
  </testcase> <!-- verify_test1 -->
  <system-out/>
  <testcase classname="com.test.test1" name="verify_test1" time="0.000">
    <skipped/>
  </testcase> <!-- verify_test1 -->
  <system-out/>
</testsuite> <!-- com.test.test1 -->
